<?xml version="1.0" encoding="UTF-8"?>
<testsuite xmlns:xsi="http://www.w3.org/2001/XMLSchema-instance" xsi:noNamespaceSchemaLocation="https://maven.apache.org/surefire/maven-surefire-plugin/xsd/surefire-test-report-3.0.xsd" version="3.0" name="com.example.triangle.TriangleClassifierTest" time="0.099" tests="25" errors="0" skipped="0" failures="0">
  <properties>
[...]
</properties>
  <testcase name="testContratoExclusividadeNaoForma" classname="com.example.triangle.TriangleClassifierTest" time="0.017"/>
  <testcase name="testContratoUmaClassificacaoAngulo" classname="com.example.triangle.TriangleClassifierTest" time="0.002"/>
  <testcase name="testContratoOrdemClassificacoes" classname="com.example.triangle.TriangleClassifierTest" time="0.002"/>
  <testcase name="parameterizedTriangleTests(double, double, double, List, String)[1]" classname="com.example.triangle.TriangleClassifierTest" time="0.016"/>
  <testcase name="parameterizedTriangleTests(double, double, double, List, String)[2]" classname="com.example.triangle.TriangleClassifierTest" time="0.0"/>
  <testcase name="parameterizedTriangleTests(double, double, double, List, String)[3]" classname="com.example.triangle.TriangleClassifierTest" time="0.001"/>
  <testcase name="parameterizedTriangleTests(double, double, double, List, String)[4]" classname="com.example.triangle.TriangleClassifierTest" time="0.001"/>
  <testcase name="parameterizedTriangleTests(double, double, double, List, String)[5]" classname="com.example.triangle.TriangleClassifierTest" time="0.0"/>
  <testcase name="parameterizedTriangleTests(double, double, double, List, String)[6]" classname="com.example.triangle.TriangleClassifierTest" time="0.0"/>
  <testcase name="parameterizedTriangleTests(double, double, double, List, String)[7]" classname="com.example.triangle.TriangleClassifierTest" time="0.001"/>
  <testcase name="parameterizedTriangleTests(double, double, double, List, String)[8]" classname="com.example.triangle.TriangleClassifierTest" time="0.001"/>
  <testcase name="parameterizedTriangleTests(double, double, double, List, String)[9]" classname="com.example.triangle.TriangleClassifierTest" time="0.001"/>
  <testcase name="parameterizedTriangleTests(double, double, double, List, String)[10]" classname="com.example.triangle.TriangleClassifierTest" time="0.0"/>
  <testcase name="parameterizedTriangleTests(double, double, double, List, String)[11]" classname="com.example.triangle.TriangleClassifierTest" time="0.0"/>
  <testcase name="parameterizedTriangleTests(double, double, double, List, String)[12]" classname="com.example.triangle.TriangleClassifierTest" time="0.0"/>
  <testcase name="parameterizedTriangleTests(double, double, double, List, String)[13]" classname="com.example.triangle.TriangleClassifierTest" time="0.0"/>
  <testcase name="parameterizedTriangleTests(double, double, double, List, String)[14]" classname="com.example.triangle.TriangleClassifierTest" time="0.001"/>
  <testcase name="parameterizedTriangleTests(double, double, double, List, String)[15]" classname="com.example.triangle.TriangleClassifierTest" time="0.001"/>
  <testcase name="parameterizedTriangleTests(double, double, double, List, String)[16]" classname="com.example.triangle.TriangleClassifierTest" time="0.001"/>
  <testcase name="parameterizedTriangleTests(double, double, double, List, String)[17]" classname="com.example.triangle.TriangleClassifierTest" time="0.0"/>
  <testcase name="parameterizedTriangleTests(double, double, double, List, String)[18]" classname="com.example.triangle.TriangleClassifierTest" time="0.0"/>
  <testcase name="parameterizedTriangleTests(double, double, double, List, String)[19]" classname="com.example.triangle.TriangleClassifierTest" time="0.001"/>
  <testcase name="parameterizedTriangleTests(double, double, double, List, String)[20]" classname="com.example.triangle.TriangleClassifierTest" time="0.001"/>
  <testcase name="parameterizedTriangleTests(double, double, double, List, String)[21]" classname="com.example.triangle.TriangleClassifierTest" time="0.001"/>
  <testcase name="testContratoSaidaNaoNulaOuVazia" classname="com.example.triangle.TriangleClassifierTest" time="0.001"/>
</testsuite>